
2019-1-9 15:48:10

Operating System
  Name                        = Mac OS X
  Version                     = 10.14.2
  Architecture                = 64bit
  # CPUs                      = 12
  Memory                      = 17179869184

Node.js
  Node.js Version             = 8.9.1
  npm Version                 = 5.5.1

Titanium CLI
  CLI Version                 = 5.1.1

Titanium SDK
  SDK Version                 = 7.5.0.GA
  SDK Path                    = /Users/josh/Library/Application Support/Titanium/mobilesdk/osx/7.5.0.GA
  Target Platform             = iphone

Command
  /usr/local/bin/node /Users/josh/.appcelerator/install/7.0.9/package/node_modules/titanium/lib/titanium.js build -p ios --build-only --config-file /var/folders/d_/5s5ztk0930z4csks1dh0l16c0000gn/T/build-1547066888628.json --log-level info --no-banner --project-dir /Users/josh/Web/bitpay_mobile_module/ios

[DEBUG]  Titanium SDK iOS directory: /Users/josh/Library/Application Support/Titanium/mobilesdk/osx/7.5.0.GA/iphone
[INFO]   Project directory: /Users/josh/Web/bitpay_mobile_module/ios
[INFO]   Module ID: com.bitpay.mobile
[WARN]   Please update the LICENSE file with your license text before distributing.
[DEBUG]  Writing module assets file: /Users/josh/Web/bitpay_mobile_module/ios/Classes/ComBitpayMobileModuleAssets.m
[DEBUG]  Running: DEVELOPER_DIR=/Applications/Xcode.app/Contents/Developer /Applications/Xcode.app/Contents/Developer/usr/bin/xcodebuild -configuration Release -sdk iphoneos -UseNewBuildSystem=NO
[DEBUG]  Running: DEVELOPER_DIR=/Applications/Xcode.app/Contents/Developer /Applications/Xcode.app/Contents/Developer/usr/bin/xcodebuild -configuration Release -sdk iphonesimulator -UseNewBuildSystem=NO
[TRACE]  [xcode-dist] User defaults from command line:
[TRACE]  [xcode-dist]     UseNewBuildSystem = NO
[TRACE]  [xcode-dist] Build settings from command line:
[TRACE]  [xcode-dist]     SDKROOT = iphoneos12.1
[TRACE]  [xcode-sim] User defaults from command line:
[TRACE]  [xcode-sim]     UseNewBuildSystem = NO
[TRACE]  [xcode-sim] Build settings from command line:
[TRACE]  [xcode-sim]     SDKROOT = iphonesimulator12.1
[TRACE]  [xcode-dist] Prepare build
[TRACE]  [xcode-sim] Prepare build
[TRACE]  [xcode-dist] note: Using legacy build system
[TRACE]  [xcode-dist] === BUILD TARGET bitpay_mobile_module OF PROJECT bitpay_mobile_module WITH CONFIGURATION Release ===
[TRACE]  [xcode-dist] Check dependencies
[TRACE]  [xcode-sim] note: Using legacy build system
[TRACE]  [xcode-sim] === BUILD TARGET bitpay_mobile_module OF PROJECT bitpay_mobile_module WITH CONFIGURATION Release ===
[TRACE]  [xcode-sim] Check dependencies
[TRACE]  [xcode-sim] CompileC build/bitpay_mobile_module.build/Release-iphonesimulator/bitpay_mobile_module.build/Objects-normal/i386/ComBitpayMobileModuleAssets.o Classes/ComBitpayMobileModuleAssets.m normal i386 objective-c com.apple.compilers.llvm.clang.1_0.compiler
[TRACE]  [xcode-sim]     cd /Users/josh/Web/bitpay_mobile_module/ios
[TRACE]  [xcode-sim]     export LANG=en_US.US-ASCII
[TRACE]  [xcode-sim]     export PATH="/Applications/Xcode.app/Contents/Developer/Platforms/iPhoneSimulator.platform/Developer/usr/bin:/Applications/Xcode.app/Contents/Developer/usr/bin:/opt/local/bin:/opt/local/sbin:/usr/local/sbin:/usr/local/bin:/usr/bin:/bin:/usr/sbin:/sbin:/usr/local/MacGPG2/bin:/Users/josh/android/platform-tools:/Users/josh/android/build-tools/25.0.2"
[TRACE]  [xcode-sim]     /Applications/Xcode.app/Contents/Developer/Toolchains/XcodeDefault.xctoolchain/usr/bin/clang -x objective-c -arch i386 -fmessage-length=0 -fdiagnostics-show-note-include-stack -fmacro-backtrace-limit=0 -std=c99 -fobjc-arc -Wno-trigraphs -fpascal-strings -Os -Wno-missing-field-initializers -Wno-missing-prototypes -Wno-return-type -Wno-implicit-atomic-properties -Wno-objc-interface-ivars -Wno-arc-repeated-use-of-weak -Wno-missing-braces -Wno-parentheses -Wswitch -Wunused-function -Wno-unused-label -Wno-unused-parameter -Wno-unused-variable -Wno-unused-value -Wno-empty-body -Wno-uninitialized -Wno-unknown-pragmas -Wno-shadow -Wno-four-char-constants -Wno-conversion -Wno-constant-conversion -Wno-int-conversion -Wno-bool-conversion -Wno-enum-conversion -Wno-float-conversion -Wno-non-literal-null-conversion -Wno-objc-literal-conversion -Wno-shorten-64-to-32 -Wpointer-sign -Wno-newline-eof -Wno-selector -Wno-strict-selector-match -Wno-undeclared-selector -Wno-deprecated-implementations -DTI_VERSION= -DNDEBUG -DOBJC_OLD_DISPATCH_PROTOTYPES=1 -isysroot /Applications/Xcode.app/Contents/Developer/Platforms/iPhoneSimulator.platform/Developer/SDKs/iPhoneSimulator12.1.sdk -fasm-blocks -fstrict-aliasing -Wprotocol -Wdeprecated-declarations -mios-simulator-version-min=8.0 -g -Wno-sign-conversion -Wno-infinite-recursion -Wno-comma -Wno-block-capture-autoreleasing -Wno-strict-prototypes -Wno-semicolon-before-method-body -fobjc-abi-version=2 -fobjc-legacy-dispatch -iquote /Users/josh/Web/bitpay_mobile_module/ios/build/bitpay_mobile_module.build/Release-iphonesimulator/bitpay_mobile_module.build/com.bitpay.mobile-generated-files.hmap -I/Users/josh/Web/bitpay_mobile_module/ios/build/bitpay_mobile_module.build/Release-iphonesimulator/bitpay_mobile_module.build/com.bitpay.mobile-own-target-headers.hmap -I/Users/josh/Web/bitpay_mobile_module/ios/build/bitpay_mobile_module.build/Release-iphonesimulator/bitpay_mobile_module.build/com.bitpay.mobile-all-target-headers.hmap -iquote /Users/josh/Web/bitpay_mobile_module/ios/build/bitpay_mobile_module.build/Release-iphonesimulator/bitpay_mobile_module.build/com.bitpay.mobile-project-headers.hmap -I/Users/josh/Web/bitpay_mobile_module/ios/build/Release-iphonesimulator/include -I/Users/josh/Library/Application\ Support/Titanium/mobilesdk/osx/7.5.0.GA/iphone/include -I/Users/josh/Library/Application\ Support/Titanium/mobilesdk/osx/7.5.0.GA/iphone/include/TiCore -I/Users/josh/Library/Application\ Support/Titanium/mobilesdk/osx/7.5.0.GA/iphone/include/JavaScriptCore -I/Users/josh/Web/bitpay_mobile_module/ios/build/bitpay_mobile_module.build/Release-iphonesimulator/bitpay_mobile_module.build/DerivedSources/i386 -I/Users/josh/Web/bitpay_mobile_module/ios/build/bitpay_mobile_module.build/Release-iphonesimulator/bitpay_mobile_module.build/DerivedSources -Wno-arc-performSelector-leaks -F/Users/josh/Web/bitpay_mobile_module/ios/build/Release-iphonesimulator -DTI_POST_1_2 -include /Users/josh/Web/bitpay_mobile_module/ios/build/SharedPrecompiledHeaders/ComBitpayMobile_Prefix-diyfulmlezdpgudqyqplxvoyciqa/ComBitpayMobile_Prefix.pch -MMD -MT dependencies -MF /Users/josh/Web/bitpay_mobile_module/ios/build/bitpay_mobile_module.build/Release-iphonesimulator/bitpay_mobile_module.build/Objects-normal/i386/ComBitpayMobileModuleAssets.d --serialize-diagnostics /Users/josh/Web/bitpay_mobile_module/ios/build/bitpay_mobile_module.build/Release-iphonesimulator/bitpay_mobile_module.build/Objects-normal/i386/ComBitpayMobileModuleAssets.dia -c /Users/josh/Web/bitpay_mobile_module/ios/Classes/ComBitpayMobileModuleAssets.m -o /Users/josh/Web/bitpay_mobile_module/ios/build/bitpay_mobile_module.build/Release-iphonesimulator/bitpay_mobile_module.build/Objects-normal/i386/ComBitpayMobileModuleAssets.o
[TRACE]  [xcode-dist] CompileC build/bitpay_mobile_module.build/Release-iphoneos/bitpay_mobile_module.build/Objects-normal/armv7/ComBitpayMobileModuleAssets.o Classes/ComBitpayMobileModuleAssets.m normal armv7 objective-c com.apple.compilers.llvm.clang.1_0.compiler
[TRACE]  [xcode-dist]     cd /Users/josh/Web/bitpay_mobile_module/ios
[TRACE]  [xcode-dist]     export LANG=en_US.US-ASCII
[TRACE]  [xcode-dist]     export PATH="/Applications/Xcode.app/Contents/Developer/Platforms/iPhoneOS.platform/Developer/usr/bin:/Applications/Xcode.app/Contents/Developer/usr/bin:/opt/local/bin:/opt/local/sbin:/usr/local/sbin:/usr/local/bin:/usr/bin:/bin:/usr/sbin:/sbin:/usr/local/MacGPG2/bin:/Users/josh/android/platform-tools:/Users/josh/android/build-tools/25.0.2"
[TRACE]  [xcode-dist]     /Applications/Xcode.app/Contents/Developer/Toolchains/XcodeDefault.xctoolchain/usr/bin/clang -x objective-c -arch armv7 -fmessage-length=0 -fdiagnostics-show-note-include-stack -fmacro-backtrace-limit=0 -std=c99 -fobjc-arc -Wno-trigraphs -fpascal-strings -Os -Wno-missing-field-initializers -Wno-missing-prototypes -Wno-return-type -Wno-implicit-atomic-properties -Wno-objc-interface-ivars -Wno-arc-repeated-use-of-weak -Wno-missing-braces -Wno-parentheses -Wswitch -Wunused-function -Wno-unused-label -Wno-unused-parameter -Wno-unused-variable -Wno-unused-value -Wno-empty-body -Wno-uninitialized -Wno-unknown-pragmas -Wno-shadow -Wno-four-char-constants -Wno-conversion -Wno-constant-conversion -Wno-int-conversion -Wno-bool-conversion -Wno-enum-conversion -Wno-float-conversion -Wno-non-literal-null-conversion -Wno-objc-literal-conversion -Wno-shorten-64-to-32 -Wpointer-sign -Wno-newline-eof -Wno-selector -Wno-strict-selector-match -Wno-undeclared-selector -Wno-deprecated-implementations -DTI_VERSION= -DNDEBUG -DOBJC_OLD_DISPATCH_PROTOTYPES=1 -isysroot /Applications/Xcode.app/Contents/Developer/Platforms/iPhoneOS.platform/Developer/SDKs/iPhoneOS12.1.sdk -fstrict-aliasing -Wprotocol -Wdeprecated-declarations -miphoneos-version-min=8.0 -g -Wno-sign-conversion -Wno-infinite-recursion -Wno-comma -Wno-block-capture-autoreleasing -Wno-strict-prototypes -Wno-semicolon-before-method-body -fembed-bitcode -iquote /Users/josh/Web/bitpay_mobile_module/ios/build/bitpay_mobile_module.build/Release-iphoneos/bitpay_mobile_module.build/com.bitpay.mobile-generated-files.hmap -I/Users/josh/Web/bitpay_mobile_module/ios/build/bitpay_mobile_module.build/Release-iphoneos/bitpay_mobile_module.build/com.bitpay.mobile-own-target-headers.hmap -I/Users/josh/Web/bitpay_mobile_module/ios/build/bitpay_mobile_module.build/Release-iphoneos/bitpay_mobile_module.build/com.bitpay.mobile-all-target-headers.hmap -iquote /Users/josh/Web/bitpay_mobile_module/ios/build/bitpay_mobile_module.build/Release-iphoneos/bitpay_mobile_module.build/com.bitpay.mobile-project-headers.hmap -I/Users/josh/Web/bitpay_mobile_module/ios/build/Release-iphoneos/include -I/Users/josh/Library/Application\ Support/Titanium/mobilesdk/osx/7.5.0.GA/iphone/include -I/Users/josh/Library/Application\ Support/Titanium/mobilesdk/osx/7.5.0.GA/iphone/include/TiCore -I/Users/josh/Library/Application\ Support/Titanium/mobilesdk/osx/7.5.0.GA/iphone/include/JavaScriptCore -I/Users/josh/Web/bitpay_mobile_module/ios/build/bitpay_mobile_module.build/Release-iphoneos/bitpay_mobile_module.build/DerivedSources/armv7 -I/Users/josh/Web/bitpay_mobile_module/ios/build/bitpay_mobile_module.build/Release-iphoneos/bitpay_mobile_module.build/DerivedSources -Wno-arc-performSelector-leaks -F/Users/josh/Web/bitpay_mobile_module/ios/build/Release-iphoneos -DTI_POST_1_2 -include /Users/josh/Web/bitpay_mobile_module/ios/build/SharedPrecompiledHeaders/ComBitpayMobile_Prefix-ejzqrxmckvxjzbeusfkeemqevuoi/ComBitpayMobile_Prefix.pch -MMD -MT dependencies -MF /Users/josh/Web/bitpay_mobile_module/ios/build/bitpay_mobile_module.build/Release-iphoneos/bitpay_mobile_module.build/Objects-normal/armv7/ComBitpayMobileModuleAssets.d --serialize-diagnostics /Users/josh/Web/bitpay_mobile_module/ios/build/bitpay_mobile_module.build/Release-iphoneos/bitpay_mobile_module.build/Objects-normal/armv7/ComBitpayMobileModuleAssets.dia -c /Users/josh/Web/bitpay_mobile_module/ios/Classes/ComBitpayMobileModuleAssets.m -o /Users/josh/Web/bitpay_mobile_module/ios/build/bitpay_mobile_module.build/Release-iphoneos/bitpay_mobile_module.build/Objects-normal/armv7/ComBitpayMobileModuleAssets.o
[TRACE]  [xcode-sim] CompileC build/bitpay_mobile_module.build/Release-iphonesimulator/bitpay_mobile_module.build/Objects-normal/x86_64/ComBitpayMobileModuleAssets.o Classes/ComBitpayMobileModuleAssets.m normal x86_64 objective-c com.apple.compilers.llvm.clang.1_0.compiler
[TRACE]  [xcode-sim]     cd /Users/josh/Web/bitpay_mobile_module/ios
[TRACE]  [xcode-sim]     export LANG=en_US.US-ASCII
[TRACE]  [xcode-sim]     export PATH="/Applications/Xcode.app/Contents/Developer/Platforms/iPhoneSimulator.platform/Developer/usr/bin:/Applications/Xcode.app/Contents/Developer/usr/bin:/opt/local/bin:/opt/local/sbin:/usr/local/sbin:/usr/local/bin:/usr/bin:/bin:/usr/sbin:/sbin:/usr/local/MacGPG2/bin:/Users/josh/android/platform-tools:/Users/josh/android/build-tools/25.0.2"
[TRACE]  [xcode-sim]     /Applications/Xcode.app/Contents/Developer/Toolchains/XcodeDefault.xctoolchain/usr/bin/clang -x objective-c -arch x86_64 -fmessage-length=0 -fdiagnostics-show-note-include-stack -fmacro-backtrace-limit=0 -std=c99 -fobjc-arc -Wno-trigraphs -fpascal-strings -Os -Wno-missing-field-initializers -Wno-missing-prototypes -Wno-return-type -Wno-implicit-atomic-properties -Wno-objc-interface-ivars -Wno-arc-repeated-use-of-weak -Wno-missing-braces -Wno-parentheses -Wswitch -Wunused-function -Wno-unused-label -Wno-unused-parameter -Wno-unused-variable -Wno-unused-value -Wno-empty-body -Wno-uninitialized -Wno-unknown-pragmas -Wno-shadow -Wno-four-char-constants -Wno-conversion -Wno-constant-conversion -Wno-int-conversion -Wno-bool-conversion -Wno-enum-conversion -Wno-float-conversion -Wno-non-literal-null-conversion -Wno-objc-literal-conversion -Wshorten-64-to-32 -Wpointer-sign -Wno-newline-eof -Wno-selector -Wno-strict-selector-match -Wno-undeclared-selector -Wno-deprecated-implementations -DTI_VERSION= -DNDEBUG -DOBJC_OLD_DISPATCH_PROTOTYPES=1 -isysroot /Applications/Xcode.app/Contents/Developer/Platforms/iPhoneSimulator.platform/Developer/SDKs/iPhoneSimulator12.1.sdk -fasm-blocks -fstrict-aliasing -Wprotocol -Wdeprecated-declarations -mios-simulator-version-min=8.0 -g -Wno-sign-conversion -Wno-infinite-recursion -Wno-comma -Wno-block-capture-autoreleasing -Wno-strict-prototypes -Wno-semicolon-before-method-body -fobjc-abi-version=2 -fobjc-legacy-dispatch -iquote /Users/josh/Web/bitpay_mobile_module/ios/build/bitpay_mobile_module.build/Release-iphonesimulator/bitpay_mobile_module.build/com.bitpay.mobile-generated-files.hmap -I/Users/josh/Web/bitpay_mobile_module/ios/build/bitpay_mobile_module.build/Release-iphonesimulator/bitpay_mobile_module.build/com.bitpay.mobile-own-target-headers.hmap -I/Users/josh/Web/bitpay_mobile_module/ios/build/bitpay_mobile_module.build/Release-iphonesimulator/bitpay_mobile_module.build/com.bitpay.mobile-all-target-headers.hmap -iquote /Users/josh/Web/bitpay_mobile_module/ios/build/bitpay_mobile_module.build/Release-iphonesimulator/bitpay_mobile_module.build/com.bitpay.mobile-project-headers.hmap -I/Users/josh/Web/bitpay_mobile_module/ios/build/Release-iphonesimulator/include -I/Users/josh/Library/Application\ Support/Titanium/mobilesdk/osx/7.5.0.GA/iphone/include -I/Users/josh/Library/Application\ Support/Titanium/mobilesdk/osx/7.5.0.GA/iphone/include/TiCore -I/Users/josh/Library/Application\ Support/Titanium/mobilesdk/osx/7.5.0.GA/iphone/include/JavaScriptCore -I/Users/josh/Web/bitpay_mobile_module/ios/build/bitpay_mobile_module.build/Release-iphonesimulator/bitpay_mobile_module.build/DerivedSources/x86_64 -I/Users/josh/Web/bitpay_mobile_module/ios/build/bitpay_mobile_module.build/Release-iphonesimulator/bitpay_mobile_module.build/DerivedSources -Wno-arc-performSelector-leaks -F/Users/josh/Web/bitpay_mobile_module/ios/build/Release-iphonesimulator -DTI_POST_1_2 -include /Users/josh/Web/bitpay_mobile_module/ios/build/SharedPrecompiledHeaders/ComBitpayMobile_Prefix-fsdkwhzrjfqmgobyfvlrxebamoxn/ComBitpayMobile_Prefix.pch -MMD -MT dependencies -MF /Users/josh/Web/bitpay_mobile_module/ios/build/bitpay_mobile_module.build/Release-iphonesimulator/bitpay_mobile_module.build/Objects-normal/x86_64/ComBitpayMobileModuleAssets.d --serialize-diagnostics /Users/josh/Web/bitpay_mobile_module/ios/build/bitpay_mobile_module.build/Release-iphonesimulator/bitpay_mobile_module.build/Objects-normal/x86_64/ComBitpayMobileModuleAssets.dia -c /Users/josh/Web/bitpay_mobile_module/ios/Classes/ComBitpayMobileModuleAssets.m -o /Users/josh/Web/bitpay_mobile_module/ios/build/bitpay_mobile_module.build/Release-iphonesimulator/bitpay_mobile_module.build/Objects-normal/x86_64/ComBitpayMobileModuleAssets.o
[TRACE]  [xcode-sim] Libtool build/bitpay_mobile_module.build/Release-iphonesimulator/bitpay_mobile_module.build/Objects-normal/x86_64/libcom.bitpay.mobile.a normal x86_64
[TRACE]  [xcode-sim]     cd /Users/josh/Web/bitpay_mobile_module/ios
[TRACE]  [xcode-sim]     export IPHONEOS_DEPLOYMENT_TARGET=8.0
[TRACE]  [xcode-sim]     export PATH="/Applications/Xcode.app/Contents/Developer/Platforms/iPhoneSimulator.platform/Developer/usr/bin:/Applications/Xcode.app/Contents/Developer/usr/bin:/opt/local/bin:/opt/local/sbin:/usr/local/sbin:/usr/local/bin:/usr/bin:/bin:/usr/sbin:/sbin:/usr/local/MacGPG2/bin:/Users/josh/android/platform-tools:/Users/josh/android/build-tools/25.0.2"
[TRACE]  [xcode-sim]     /Applications/Xcode.app/Contents/Developer/Toolchains/XcodeDefault.xctoolchain/usr/bin/libtool -static -arch_only x86_64 -syslibroot /Applications/Xcode.app/Contents/Developer/Platforms/iPhoneSimulator.platform/Developer/SDKs/iPhoneSimulator12.1.sdk -L/Users/josh/Web/bitpay_mobile_module/ios/build/Release-iphonesimulator -filelist /Users/josh/Web/bitpay_mobile_module/ios/build/bitpay_mobile_module.build/Release-iphonesimulator/bitpay_mobile_module.build/Objects-normal/x86_64/com.bitpay.mobile.LinkFileList -framework Foundation -o /Users/josh/Web/bitpay_mobile_module/ios/build/bitpay_mobile_module.build/Release-iphonesimulator/bitpay_mobile_module.build/Objects-normal/x86_64/libcom.bitpay.mobile.a
[TRACE]  [xcode-dist] CompileC build/bitpay_mobile_module.build/Release-iphoneos/bitpay_mobile_module.build/Objects-normal/arm64/ComBitpayMobileModuleAssets.o Classes/ComBitpayMobileModuleAssets.m normal arm64 objective-c com.apple.compilers.llvm.clang.1_0.compiler
[TRACE]  [xcode-dist]     cd /Users/josh/Web/bitpay_mobile_module/ios
[TRACE]  [xcode-dist]     export LANG=en_US.US-ASCII
[TRACE]  [xcode-dist]     export PATH="/Applications/Xcode.app/Contents/Developer/Platforms/iPhoneOS.platform/Developer/usr/bin:/Applications/Xcode.app/Contents/Developer/usr/bin:/opt/local/bin:/opt/local/sbin:/usr/local/sbin:/usr/local/bin:/usr/bin:/bin:/usr/sbin:/sbin:/usr/local/MacGPG2/bin:/Users/josh/android/platform-tools:/Users/josh/android/build-tools/25.0.2"
[TRACE]  [xcode-dist]     /Applications/Xcode.app/Contents/Developer/Toolchains/XcodeDefault.xctoolchain/usr/bin/clang -x objective-c -arch arm64 -fmessage-length=0 -fdiagnostics-show-note-include-stack -fmacro-backtrace-limit=0 -std=c99 -fobjc-arc -Wno-trigraphs -fpascal-strings -Os -Wno-missing-field-initializers -Wno-missing-prototypes -Wno-return-type -Wno-implicit-atomic-properties -Wno-objc-interface-ivars -Wno-arc-repeated-use-of-weak -Wno-missing-braces -Wno-parentheses -Wswitch -Wunused-function -Wno-unused-label -Wno-unused-parameter -Wno-unused-variable -Wno-unused-value -Wno-empty-body -Wno-uninitialized -Wno-unknown-pragmas -Wno-shadow -Wno-four-char-constants -Wno-conversion -Wno-constant-conversion -Wno-int-conversion -Wno-bool-conversion -Wno-enum-conversion -Wno-float-conversion -Wno-non-literal-null-conversion -Wno-objc-literal-conversion -Wshorten-64-to-32 -Wpointer-sign -Wno-newline-eof -Wno-selector -Wno-strict-selector-match -Wno-undeclared-selector -Wno-deprecated-implementations -DTI_VERSION= -DNDEBUG -DOBJC_OLD_DISPATCH_PROTOTYPES=1 -isysroot /Applications/Xcode.app/Contents/Developer/Platforms/iPhoneOS.platform/Developer/SDKs/iPhoneOS12.1.sdk -fstrict-aliasing -Wprotocol -Wdeprecated-declarations -miphoneos-version-min=8.0 -g -Wno-sign-conversion -Wno-infinite-recursion -Wno-comma -Wno-block-capture-autoreleasing -Wno-strict-prototypes -Wno-semicolon-before-method-body -fembed-bitcode -iquote /Users/josh/Web/bitpay_mobile_module/ios/build/bitpay_mobile_module.build/Release-iphoneos/bitpay_mobile_module.build/com.bitpay.mobile-generated-files.hmap -I/Users/josh/Web/bitpay_mobile_module/ios/build/bitpay_mobile_module.build/Release-iphoneos/bitpay_mobile_module.build/com.bitpay.mobile-own-target-headers.hmap -I/Users/josh/Web/bitpay_mobile_module/ios/build/bitpay_mobile_module.build/Release-iphoneos/bitpay_mobile_module.build/com.bitpay.mobile-all-target-headers.hmap -iquote /Users/josh/Web/bitpay_mobile_module/ios/build/bitpay_mobile_module.build/Release-iphoneos/bitpay_mobile_module.build/com.bitpay.mobile-project-headers.hmap -I/Users/josh/Web/bitpay_mobile_module/ios/build/Release-iphoneos/include -I/Users/josh/Library/Application\ Support/Titanium/mobilesdk/osx/7.5.0.GA/iphone/include -I/Users/josh/Library/Application\ Support/Titanium/mobilesdk/osx/7.5.0.GA/iphone/include/TiCore -I/Users/josh/Library/Application\ Support/Titanium/mobilesdk/osx/7.5.0.GA/iphone/include/JavaScriptCore -I/Users/josh/Web/bitpay_mobile_module/ios/build/bitpay_mobile_module.build/Release-iphoneos/bitpay_mobile_module.build/DerivedSources/arm64 -I/Users/josh/Web/bitpay_mobile_module/ios/build/bitpay_mobile_module.build/Release-iphoneos/bitpay_mobile_module.build/DerivedSources -Wno-arc-performSelector-leaks -F/Users/josh/Web/bitpay_mobile_module/ios/build/Release-iphoneos -DTI_POST_1_2 -include /Users/josh/Web/bitpay_mobile_module/ios/build/SharedPrecompiledHeaders/ComBitpayMobile_Prefix-adrojbvgylcowdaerscwtnkbinbj/ComBitpayMobile_Prefix.pch -MMD -MT dependencies -MF /Users/josh/Web/bitpay_mobile_module/ios/build/bitpay_mobile_module.build/Release-iphoneos/bitpay_mobile_module.build/Objects-normal/arm64/ComBitpayMobileModuleAssets.d --serialize-diagnostics /Users/josh/Web/bitpay_mobile_module/ios/build/bitpay_mobile_module.build/Release-iphoneos/bitpay_mobile_module.build/Objects-normal/arm64/ComBitpayMobileModuleAssets.dia -c /Users/josh/Web/bitpay_mobile_module/ios/Classes/ComBitpayMobileModuleAssets.m -o /Users/josh/Web/bitpay_mobile_module/ios/build/bitpay_mobile_module.build/Release-iphoneos/bitpay_mobile_module.build/Objects-normal/arm64/ComBitpayMobileModuleAssets.o
[TRACE]  [xcode-dist] Libtool build/bitpay_mobile_module.build/Release-iphoneos/bitpay_mobile_module.build/Objects-normal/arm64/libcom.bitpay.mobile.a normal arm64
[TRACE]  [xcode-dist]     cd /Users/josh/Web/bitpay_mobile_module/ios
[TRACE]  [xcode-dist]     export IPHONEOS_DEPLOYMENT_TARGET=8.0
[TRACE]  [xcode-dist]     export PATH="/Applications/Xcode.app/Contents/Developer/Platforms/iPhoneOS.platform/Developer/usr/bin:/Applications/Xcode.app/Contents/Developer/usr/bin:/opt/local/bin:/opt/local/sbin:/usr/local/sbin:/usr/local/bin:/usr/bin:/bin:/usr/sbin:/sbin:/usr/local/MacGPG2/bin:/Users/josh/android/platform-tools:/Users/josh/android/build-tools/25.0.2"
[TRACE]  [xcode-dist]     /Applications/Xcode.app/Contents/Developer/Toolchains/XcodeDefault.xctoolchain/usr/bin/libtool -static -arch_only arm64 -syslibroot /Applications/Xcode.app/Contents/Developer/Platforms/iPhoneOS.platform/Developer/SDKs/iPhoneOS12.1.sdk -L/Users/josh/Web/bitpay_mobile_module/ios/build/Release-iphoneos -filelist /Users/josh/Web/bitpay_mobile_module/ios/build/bitpay_mobile_module.build/Release-iphoneos/bitpay_mobile_module.build/Objects-normal/arm64/com.bitpay.mobile.LinkFileList -framework Foundation -o /Users/josh/Web/bitpay_mobile_module/ios/build/bitpay_mobile_module.build/Release-iphoneos/bitpay_mobile_module.build/Objects-normal/arm64/libcom.bitpay.mobile.a
[TRACE]  [xcode-sim] Libtool build/bitpay_mobile_module.build/Release-iphonesimulator/bitpay_mobile_module.build/Objects-normal/i386/libcom.bitpay.mobile.a normal i386
[TRACE]  [xcode-sim]     cd /Users/josh/Web/bitpay_mobile_module/ios
[TRACE]  [xcode-sim]     export IPHONEOS_DEPLOYMENT_TARGET=8.0
[TRACE]  [xcode-sim]     export PATH="/Applications/Xcode.app/Contents/Developer/Platforms/iPhoneSimulator.platform/Developer/usr/bin:/Applications/Xcode.app/Contents/Developer/usr/bin:/opt/local/bin:/opt/local/sbin:/usr/local/sbin:/usr/local/bin:/usr/bin:/bin:/usr/sbin:/sbin:/usr/local/MacGPG2/bin:/Users/josh/android/platform-tools:/Users/josh/android/build-tools/25.0.2"
[TRACE]  [xcode-sim]     /Applications/Xcode.app/Contents/Developer/Toolchains/XcodeDefault.xctoolchain/usr/bin/libtool -static -arch_only i386 -syslibroot /Applications/Xcode.app/Contents/Developer/Platforms/iPhoneSimulator.platform/Developer/SDKs/iPhoneSimulator12.1.sdk -L/Users/josh/Web/bitpay_mobile_module/ios/build/Release-iphonesimulator -filelist /Users/josh/Web/bitpay_mobile_module/ios/build/bitpay_mobile_module.build/Release-iphonesimulator/bitpay_mobile_module.build/Objects-normal/i386/com.bitpay.mobile.LinkFileList -framework Foundation -o /Users/josh/Web/bitpay_mobile_module/ios/build/bitpay_mobile_module.build/Release-iphonesimulator/bitpay_mobile_module.build/Objects-normal/i386/libcom.bitpay.mobile.a
[TRACE]  [xcode-sim] CreateUniversalBinary build/Release-iphonesimulator/libcom.bitpay.mobile.a normal i386\ x86_64
[TRACE]  [xcode-sim]     cd /Users/josh/Web/bitpay_mobile_module/ios
[TRACE]  [xcode-sim]     export PATH="/Applications/Xcode.app/Contents/Developer/Platforms/iPhoneSimulator.platform/Developer/usr/bin:/Applications/Xcode.app/Contents/Developer/usr/bin:/opt/local/bin:/opt/local/sbin:/usr/local/sbin:/usr/local/bin:/usr/bin:/bin:/usr/sbin:/sbin:/usr/local/MacGPG2/bin:/Users/josh/android/platform-tools:/Users/josh/android/build-tools/25.0.2"
[TRACE]  [xcode-sim]     /Applications/Xcode.app/Contents/Developer/Toolchains/XcodeDefault.xctoolchain/usr/bin/libtool -static /Users/josh/Web/bitpay_mobile_module/ios/build/bitpay_mobile_module.build/Release-iphonesimulator/bitpay_mobile_module.build/Objects-normal/i386/libcom.bitpay.mobile.a /Users/josh/Web/bitpay_mobile_module/ios/build/bitpay_mobile_module.build/Release-iphonesimulator/bitpay_mobile_module.build/Objects-normal/x86_64/libcom.bitpay.mobile.a -o /Users/josh/Web/bitpay_mobile_module/ios/build/Release-iphonesimulator/libcom.bitpay.mobile.a
[TRACE]  [xcode-dist] Libtool build/bitpay_mobile_module.build/Release-iphoneos/bitpay_mobile_module.build/Objects-normal/armv7/libcom.bitpay.mobile.a normal armv7
[TRACE]  [xcode-dist]     cd /Users/josh/Web/bitpay_mobile_module/ios
[TRACE]  [xcode-dist]     export IPHONEOS_DEPLOYMENT_TARGET=8.0
[TRACE]  [xcode-dist]     export PATH="/Applications/Xcode.app/Contents/Developer/Platforms/iPhoneOS.platform/Developer/usr/bin:/Applications/Xcode.app/Contents/Developer/usr/bin:/opt/local/bin:/opt/local/sbin:/usr/local/sbin:/usr/local/bin:/usr/bin:/bin:/usr/sbin:/sbin:/usr/local/MacGPG2/bin:/Users/josh/android/platform-tools:/Users/josh/android/build-tools/25.0.2"
[TRACE]  [xcode-dist]     /Applications/Xcode.app/Contents/Developer/Toolchains/XcodeDefault.xctoolchain/usr/bin/libtool -static -arch_only armv7 -syslibroot /Applications/Xcode.app/Contents/Developer/Platforms/iPhoneOS.platform/Developer/SDKs/iPhoneOS12.1.sdk -L/Users/josh/Web/bitpay_mobile_module/ios/build/Release-iphoneos -filelist /Users/josh/Web/bitpay_mobile_module/ios/build/bitpay_mobile_module.build/Release-iphoneos/bitpay_mobile_module.build/Objects-normal/armv7/com.bitpay.mobile.LinkFileList -framework Foundation -o /Users/josh/Web/bitpay_mobile_module/ios/build/bitpay_mobile_module.build/Release-iphoneos/bitpay_mobile_module.build/Objects-normal/armv7/libcom.bitpay.mobile.a
[TRACE]  [xcode-dist] CreateUniversalBinary build/Release-iphoneos/libcom.bitpay.mobile.a normal armv7\ arm64
[TRACE]  [xcode-dist]     cd /Users/josh/Web/bitpay_mobile_module/ios
[TRACE]  [xcode-dist]     export PATH="/Applications/Xcode.app/Contents/Developer/Platforms/iPhoneOS.platform/Developer/usr/bin:/Applications/Xcode.app/Contents/Developer/usr/bin:/opt/local/bin:/opt/local/sbin:/usr/local/sbin:/usr/local/bin:/usr/bin:/bin:/usr/sbin:/sbin:/usr/local/MacGPG2/bin:/Users/josh/android/platform-tools:/Users/josh/android/build-tools/25.0.2"
[TRACE]  [xcode-dist]     /Applications/Xcode.app/Contents/Developer/Toolchains/XcodeDefault.xctoolchain/usr/bin/libtool -static /Users/josh/Web/bitpay_mobile_module/ios/build/bitpay_mobile_module.build/Release-iphoneos/bitpay_mobile_module.build/Objects-normal/armv7/libcom.bitpay.mobile.a /Users/josh/Web/bitpay_mobile_module/ios/build/bitpay_mobile_module.build/Release-iphoneos/bitpay_mobile_module.build/Objects-normal/arm64/libcom.bitpay.mobile.a -o /Users/josh/Web/bitpay_mobile_module/ios/build/Release-iphoneos/libcom.bitpay.mobile.a
[TRACE]  [xcode-sim] Strip build/Release-iphonesimulator/libcom.bitpay.mobile.a
[TRACE]  [xcode-sim]     cd /Users/josh/Web/bitpay_mobile_module/ios
[TRACE]  [xcode-sim]     export PATH="/Applications/Xcode.app/Contents/Developer/Platforms/iPhoneSimulator.platform/Developer/usr/bin:/Applications/Xcode.app/Contents/Developer/usr/bin:/opt/local/bin:/opt/local/sbin:/usr/local/sbin:/usr/local/bin:/usr/bin:/bin:/usr/sbin:/sbin:/usr/local/MacGPG2/bin:/Users/josh/android/platform-tools:/Users/josh/android/build-tools/25.0.2"
[TRACE]  [xcode-sim]     /Applications/Xcode.app/Contents/Developer/Toolchains/XcodeDefault.xctoolchain/usr/bin/strip -S -T /Users/josh/Web/bitpay_mobile_module/ios/build/Release-iphonesimulator/libcom.bitpay.mobile.a
[TRACE]  [xcode-dist] Strip build/Release-iphoneos/libcom.bitpay.mobile.a
[TRACE]  [xcode-dist]     cd /Users/josh/Web/bitpay_mobile_module/ios
[TRACE]  [xcode-dist]     export PATH="/Applications/Xcode.app/Contents/Developer/Platforms/iPhoneOS.platform/Developer/usr/bin:/Applications/Xcode.app/Contents/Developer/usr/bin:/opt/local/bin:/opt/local/sbin:/usr/local/sbin:/usr/local/bin:/usr/bin:/bin:/usr/sbin:/sbin:/usr/local/MacGPG2/bin:/Users/josh/android/platform-tools:/Users/josh/android/build-tools/25.0.2"
[TRACE]  [xcode-dist]     /Applications/Xcode.app/Contents/Developer/Toolchains/XcodeDefault.xctoolchain/usr/bin/strip -S -T /Users/josh/Web/bitpay_mobile_module/ios/build/Release-iphoneos/libcom.bitpay.mobile.a
[TRACE]  [xcode-sim] ** BUILD SUCCEEDED **
[TRACE]  [xcode-dist] ** BUILD SUCCEEDED **
[INFO]   Creating universal library
[DEBUG]  Running: /Applications/Xcode.app/Contents/Developer/Toolchains/XcodeDefault.xctoolchain/usr/bin/lipo /Users/josh/Web/bitpay_mobile_module/ios/build/Release-iphoneos/libcom.bitpay.mobile.a /Users/josh/Web/bitpay_mobile_module/ios/build/Release-iphonesimulator/libcom.bitpay.mobile.a -create -output /Users/josh/Web/bitpay_mobile_module/ios/build/libcom.bitpay.mobile.a
[INFO]   Verifying universal library
[DEBUG]  Running: /Applications/Xcode.app/Contents/Developer/Toolchains/XcodeDefault.xctoolchain/usr/bin/lipo -info /Users/josh/Web/bitpay_mobile_module/ios/build/libcom.bitpay.mobile.a
[INFO]   Creating module zip
[INFO]   Writing module zip: /Users/josh/Web/bitpay_mobile_module/ios/com.bitpay.mobile-iphone-1.0.zip
[INFO]   Project built successfully in 1s 161ms
